<?xml version="1.0" encoding="UTF-8"?>
<testng-results ignored="0" total="1" passed="1" failed="0" skipped="0">
  <reporter-output>
  </reporter-output>
  <suite started-at="2025-09-01T16:27:57 ART" name="UI Suite" finished-at="2025-09-01T16:28:14 ART" duration-ms="17409">
    <groups>
    </groups>
    <test started-at="2025-09-01T16:27:57 ART" name="All tests" finished-at="2025-09-01T16:28:14 ART" duration-ms="17409">
      <class name="qa.andrea.tests.LoginTest">
        <test-method is-config="true" signature="setUp()[pri:0, instance:qa.andrea.tests.LoginTest@1725dc0f]" started-at="2025-09-01T16:27:57 ART" name="setUp" finished-at="2025-09-01T16:28:12 ART" duration-ms="15102" status="PASS">
          <reporter-output>
          </reporter-output>
        </test-method> <!-- setUp -->
        <test-method signature="canOpenHomepage()[pri:0, instance:qa.andrea.tests.LoginTest@1725dc0f]" started-at="2025-09-01T16:28:12 ART" name="canOpenHomepage" finished-at="2025-09-01T16:28:14 ART" duration-ms="2029" status="PASS">
          <reporter-output>
          </reporter-output>
        </test-method> <!-- canOpenHomepage -->
        <test-method is-config="true" signature="tearDown()[pri:0, instance:qa.andrea.tests.LoginTest@1725dc0f]" started-at="2025-09-01T16:28:14 ART" name="tearDown" finished-at="2025-09-01T16:28:14 ART" duration-ms="238" status="PASS">
          <reporter-output>
          </reporter-output>
        </test-method> <!-- tearDown -->
      </class> <!-- qa.andrea.tests.LoginTest -->
    </test> <!-- All tests -->
  </suite> <!-- UI Suite -->
</testng-results>
